Performing C++ SOURCE FILE Test SLEEF_LONGDOUBLE_IS_IEEEQP failed with the following output:
Change Dir: /home/cniew/CLionProjects/MonteCarloSim/cmake-build-release/libsleef-prefix/src/libsleef-build/CMakeFiles/CMakeScratch/TryCompile-W2j8aa

Run Build Command(s):/usr/bin/gmake -f Makefile cmTC_bb03a/fast && gmake[3]: Entering directory '/home/cniew/CLionProjects/MonteCarloSim/cmake-build-release/libsleef-prefix/src/libsleef-build/CMakeFiles/CMakeScratch/TryCompile-W2j8aa'
/usr/bin/gmake  -f CMakeFiles/cmTC_bb03a.dir/build.make CMakeFiles/cmTC_bb03a.dir/build
gmake[4]: Entering directory '/home/cniew/CLionProjects/MonteCarloSim/cmake-build-release/libsleef-prefix/src/libsleef-build/CMakeFiles/CMakeScratch/TryCompile-W2j8aa'
Building CXX object CMakeFiles/cmTC_bb03a.dir/src.cxx.o
/usr/bin/c++ -DSLEEF_LONGDOUBLE_IS_IEEEQP  -std=gnu++20 -o CMakeFiles/cmTC_bb03a.dir/src.cxx.o -c /home/cniew/CLionProjects/MonteCarloSim/cmake-build-release/libsleef-prefix/src/libsleef-build/CMakeFiles/CMakeScratch/TryCompile-W2j8aa/src.cxx
/home/cniew/CLionProjects/MonteCarloSim/cmake-build-release/libsleef-prefix/src/libsleef-build/CMakeFiles/CMakeScratch/TryCompile-W2j8aa/src.cxx: In function ‘int main()’:
/home/cniew/CLionProjects/MonteCarloSim/cmake-build-release/libsleef-prefix/src/libsleef-build/CMakeFiles/CMakeScratch/TryCompile-W2j8aa/src.cxx:6:29: error: static assertion failed
    6 |   static_assert((a.x ^ a.y) == 0xc7d695c93a4e2b71LL);
      |                 ~~~~~~~~~~~~^~~~~~~~~~~~~~~~~~~~~~~
/home/cniew/CLionProjects/MonteCarloSim/cmake-build-release/libsleef-prefix/src/libsleef-build/CMakeFiles/CMakeScratch/TryCompile-W2j8aa/src.cxx:6:29: note: the comparison reduces to ‘(16158800401439163373 == 14399861550062906225)’
gmake[4]: *** [CMakeFiles/cmTC_bb03a.dir/build.make:78: CMakeFiles/cmTC_bb03a.dir/src.cxx.o] Error 1
gmake[4]: Leaving directory '/home/cniew/CLionProjects/MonteCarloSim/cmake-build-release/libsleef-prefix/src/libsleef-build/CMakeFiles/CMakeScratch/TryCompile-W2j8aa'
gmake[3]: *** [Makefile:127: cmTC_bb03a/fast] Error 2
gmake[3]: Leaving directory '/home/cniew/CLionProjects/MonteCarloSim/cmake-build-release/libsleef-prefix/src/libsleef-build/CMakeFiles/CMakeScratch/TryCompile-W2j8aa'


Source file was:

#include <bit>
struct s { long long x, y; };
int main(void) {
  constexpr s a = std::bit_cast<s>((long double)0.1234*(long double)56.789);
  static_assert((a.x ^ a.y) == 0xc7d695c93a4e2b71LL);
}


